<?xml version="1.0" encoding="UTF-8"?>
<!-- Generated by org.testng.reporters.JUnitReportReporter -->
<testsuite hostname="qms-mgi-10" failures="0" tests="2" name="org.com.it_academy.testonliner.api.RestSearchTest" time="8.927" errors="0" timestamp="2023-05-30T16:56:30 MSK" skipped="0">
  <testcase classname="org.com.it_academy.testonliner.api.RestSearchTest" name="checkingThatNamePrefixContainsValueFilterSelected" time="1.061"/>
  <system-out/>
  <testcase classname="org.com.it_academy.testonliner.api.RestSearchTest" name="checkingThatNameAreNotEmpty" time="7.866"/>
  <system-out/>
</testsuite> <!-- org.com.it_academy.testonliner.api.RestSearchTest -->
